TN:
SF:zion.js
FN:46,(anonymous_0)
FN:104,(anonymous_1)
FN:123,(anonymous_2)
FN:214,(anonymous_3)
FN:218,(anonymous_4)
FN:233,(anonymous_5)
FN:293,(anonymous_6)
FN:304,(anonymous_7)
FN:315,(anonymous_8)
FN:336,(anonymous_9)
FN:345,(anonymous_10)
FN:372,(anonymous_11)
FN:377,(anonymous_12)
FN:411,(anonymous_13)
FN:441,(anonymous_14)
FN:467,(anonymous_15)
FN:477,(anonymous_16)
FN:524,(anonymous_17)
FN:551,(anonymous_18)
FN:581,(anonymous_19)
FN:621,(anonymous_20)
FN:637,(anonymous_21)
FN:649,(anonymous_22)
FN:665,(anonymous_23)
FN:681,(anonymous_24)
FN:697,(anonymous_25)
FN:713,(anonymous_26)
FN:733,(anonymous_27)
FN:744,(anonymous_28)
FN:755,(anonymous_29)
FN:766,(anonymous_30)
FN:793,(anonymous_31)
FN:805,(anonymous_32)
FN:826,(anonymous_33)
FN:836,(anonymous_34)
FN:895,(anonymous_35)
FN:949,(anonymous_36)
FNF:37
FNH:0
FNDA:0,(anonymous_0)
FNDA:0,(anonymous_1)
FNDA:0,(anonymous_2)
FNDA:0,(anonymous_3)
FNDA:0,(anonymous_4)
FNDA:0,(anonymous_5)
FNDA:0,(anonymous_6)
FNDA:0,(anonymous_7)
FNDA:0,(anonymous_8)
FNDA:0,(anonymous_9)
FNDA:0,(anonymous_10)
FNDA:0,(anonymous_11)
FNDA:0,(anonymous_12)
FNDA:0,(anonymous_13)
FNDA:0,(anonymous_14)
FNDA:0,(anonymous_15)
FNDA:0,(anonymous_16)
FNDA:0,(anonymous_17)
FNDA:0,(anonymous_18)
FNDA:0,(anonymous_19)
FNDA:0,(anonymous_20)
FNDA:0,(anonymous_21)
FNDA:0,(anonymous_22)
FNDA:0,(anonymous_23)
FNDA:0,(anonymous_24)
FNDA:0,(anonymous_25)
FNDA:0,(anonymous_26)
FNDA:0,(anonymous_27)
FNDA:0,(anonymous_28)
FNDA:0,(anonymous_29)
FNDA:0,(anonymous_30)
FNDA:0,(anonymous_31)
FNDA:0,(anonymous_32)
FNDA:0,(anonymous_33)
FNDA:0,(anonymous_34)
FNDA:0,(anonymous_35)
FNDA:0,(anonymous_36)
DA:3,0
DA:4,0
DA:5,0
DA:6,0
DA:7,0
DA:8,0
DA:9,0
DA:10,0
DA:11,0
DA:12,0
DA:13,0
DA:16,0
DA:17,0
DA:18,0
DA:19,0
DA:20,0
DA:21,0
DA:22,0
DA:23,0
DA:24,0
DA:25,0
DA:26,0
DA:27,0
DA:28,0
DA:29,0
DA:31,0
DA:32,0
DA:33,0
DA:35,0
DA:36,0
DA:37,0
DA:38,0
DA:40,0
DA:41,0
DA:42,0
DA:47,0
DA:48,0
DA:52,0
DA:53,0
DA:54,0
DA:55,0
DA:56,0
DA:59,0
DA:60,0
DA:69,0
DA:70,0
DA:71,0
DA:72,0
DA:73,0
DA:74,0
DA:75,0
DA:76,0
DA:77,0
DA:78,0
DA:79,0
DA:80,0
DA:81,0
DA:82,0
DA:84,0
DA:85,0
DA:86,0
DA:89,0
DA:90,0
DA:91,0
DA:92,0
DA:95,0
DA:96,0
DA:97,0
DA:100,0
DA:105,0
DA:106,0
DA:112,0
DA:113,0
DA:114,0
DA:115,0
DA:116,0
DA:117,0
DA:118,0
DA:119,0
DA:124,0
DA:201,0
DA:212,0
DA:214,0
DA:215,0
DA:216,0
DA:218,0
DA:219,0
DA:222,0
DA:226,0
DA:227,0
DA:228,0
DA:229,0
DA:234,0
DA:287,0
DA:294,0
DA:304,0
DA:305,0
DA:311,0
DA:316,0
DA:325,0
DA:326,0
DA:327,0
DA:328,0
DA:330,0
DA:332,0
DA:337,0
DA:338,0
DA:339,0
DA:341,0
DA:346,0
DA:347,0
DA:348,0
DA:350,0
DA:351,0
DA:352,0
DA:356,0
DA:357,0
DA:358,0
DA:362,0
DA:363,0
DA:364,0
DA:367,0
DA:368,0
DA:373,0
DA:375,0
DA:377,0
DA:379,0
DA:387,0
DA:389,0
DA:395,0
DA:400,0
DA:403,0
DA:404,0
DA:405,0
DA:407,0
DA:412,0
DA:413,0
DA:414,0
DA:416,0
DA:418,0
DA:419,0
DA:420,0
DA:424,0
DA:425,0
DA:426,0
DA:430,0
DA:431,0
DA:432,0
DA:436,0
DA:437,0
DA:442,0
DA:457,0
DA:467,0
DA:468,0
DA:469,0
DA:470,0
DA:473,0
DA:478,0
DA:480,0
DA:481,0
DA:484,0
DA:486,0
DA:487,0
DA:490,0
DA:493,0
DA:494,0
DA:496,0
DA:497,0
DA:498,0
DA:501,0
DA:504,0
DA:518,0
DA:519,0
DA:521,0
DA:522,0
DA:524,0
DA:525,0
DA:526,0
DA:527,0
DA:528,0
DA:530,0
DA:531,0
DA:532,0
DA:533,0
DA:534,0
DA:535,0
DA:540,0
DA:543,0
DA:544,0
DA:545,0
DA:547,0
DA:552,0
DA:554,0
DA:555,0
DA:557,0
DA:559,0
DA:560,0
DA:563,0
DA:566,0
DA:568,0
DA:569,0
DA:571,0
DA:581,0
DA:583,0
DA:584,0
DA:585,0
DA:586,0
DA:587,0
DA:589,0
DA:590,0
DA:591,0
DA:592,0
DA:593,0
DA:594,0
DA:596,0
DA:597,0
DA:598,0
DA:599,0
DA:600,0
DA:605,0
DA:608,0
DA:609,0
DA:613,0
DA:614,0
DA:615,0
DA:617,0
DA:622,0
DA:623,0
DA:624,0
DA:626,0
DA:627,0
DA:629,0
DA:632,0
DA:633,0
DA:638,0
DA:639,0
DA:640,0
DA:642,0
DA:644,0
DA:645,0
DA:650,0
DA:651,0
DA:652,0
DA:654,0
DA:655,0
DA:657,0
DA:660,0
DA:661,0
DA:666,0
DA:667,0
DA:668,0
DA:670,0
DA:671,0
DA:673,0
DA:676,0
DA:677,0
DA:682,0
DA:683,0
DA:684,0
DA:686,0
DA:687,0
DA:689,0
DA:692,0
DA:693,0
DA:698,0
DA:699,0
DA:700,0
DA:702,0
DA:703,0
DA:705,0
DA:708,0
DA:709,0
DA:714,0
DA:715,0
DA:717,0
DA:723,0
DA:726,0
DA:727,0
DA:729,0
DA:734,0
DA:735,0
DA:736,0
DA:737,0
DA:740,0
DA:745,0
DA:746,0
DA:747,0
DA:748,0
DA:751,0
DA:756,0
DA:757,0
DA:758,0
DA:759,0
DA:762,0
DA:767,0
DA:768,0
DA:769,0
DA:770,0
DA:772,0
DA:773,0
DA:775,0
DA:776,0
DA:777,0
DA:778,0
DA:779,0
DA:781,0
DA:782,0
DA:785,0
DA:786,0
DA:787,0
DA:789,0
DA:794,0
DA:795,0
DA:796,0
DA:798,0
DA:799,0
DA:801,0
DA:802,0
DA:803,0
DA:805,0
DA:806,0
DA:807,0
DA:808,0
DA:809,0
DA:812,0
DA:814,0
DA:815,0
DA:816,0
DA:819,0
DA:820,0
DA:822,0
DA:827,0
DA:829,0
DA:831,0
DA:834,0
DA:835,0
DA:836,0
DA:837,0
DA:838,0
DA:840,0
DA:843,0
DA:846,0
DA:847,0
DA:848,0
DA:851,0
DA:858,0
DA:859,0
DA:866,0
DA:870,0
DA:872,0
DA:875,0
DA:883,0
DA:884,0
DA:885,0
DA:887,0
DA:888,0
DA:891,0
DA:896,0
DA:898,0
DA:899,0
DA:900,0
DA:903,0
DA:905,0
DA:906,0
DA:907,0
DA:916,0
DA:919,0
DA:920,0
DA:923,0
DA:924,0
DA:927,0
DA:928,0
DA:929,0
DA:933,0
DA:934,0
DA:935,0
DA:936,0
DA:938,0
DA:939,0
DA:947,0
DA:948,0
DA:949,0
DA:950,0
DA:951,0
DA:952,0
DA:956,0
LF:386
LH:0
BRDA:48,0,0,0
BRDA:48,0,1,0
BRDA:52,1,0,0
BRDA:52,1,1,0
BRDA:61,2,0,0
BRDA:61,2,1,0
BRDA:63,3,0,0
BRDA:63,3,1,0
BRDA:64,4,0,0
BRDA:64,4,1,0
BRDA:287,5,0,0
BRDA:287,5,1,0
BRDA:298,6,0,0
BRDA:298,6,1,0
BRDA:300,7,0,0
BRDA:300,7,1,0
BRDA:301,8,0,0
BRDA:301,8,1,0
BRDA:325,9,0,0
BRDA:325,9,1,0
BRDA:351,10,0,0
BRDA:351,10,1,0
BRDA:357,11,0,0
BRDA:357,11,1,0
BRDA:363,12,0,0
BRDA:363,12,1,0
BRDA:416,13,0,0
BRDA:416,13,1,0
BRDA:416,14,0,0
BRDA:416,14,1,0
BRDA:419,15,0,0
BRDA:419,15,1,0
BRDA:425,16,0,0
BRDA:425,16,1,0
BRDA:431,17,0,0
BRDA:431,17,1,0
BRDA:481,18,0,0
BRDA:481,18,1,0
BRDA:486,19,0,0
BRDA:486,19,1,0
BRDA:497,20,0,0
BRDA:497,20,1,0
BRDA:518,21,0,0
BRDA:518,21,1,0
BRDA:518,22,0,0
BRDA:518,22,1,0
BRDA:518,22,2,0
BRDA:534,23,0,0
BRDA:534,23,1,0
BRDA:559,24,0,0
BRDA:559,24,1,0
BRDA:568,25,0,0
BRDA:568,25,1,0
BRDA:589,26,0,0
BRDA:589,26,1,0
BRDA:591,27,0,0
BRDA:591,27,1,0
BRDA:592,28,0,0
BRDA:592,28,1,0
BRDA:593,29,0,0
BRDA:593,29,1,0
BRDA:594,30,0,0
BRDA:594,30,1,0
BRDA:599,31,0,0
BRDA:599,31,1,0
BRDA:626,32,0,0
BRDA:626,32,1,0
BRDA:654,33,0,0
BRDA:654,33,1,0
BRDA:670,34,0,0
BRDA:670,34,1,0
BRDA:686,35,0,0
BRDA:686,35,1,0
BRDA:702,36,0,0
BRDA:702,36,1,0
BRDA:734,37,0,0
BRDA:734,37,1,0
BRDA:745,38,0,0
BRDA:745,38,1,0
BRDA:756,39,0,0
BRDA:756,39,1,0
BRDA:775,40,0,0
BRDA:775,40,1,0
BRDA:801,41,0,0
BRDA:801,41,1,0
BRDA:801,42,0,0
BRDA:801,42,1,0
BRDA:834,43,0,0
BRDA:834,43,1,0
BRDA:863,44,0,0
BRDA:863,44,1,0
BRDA:887,45,0,0
BRDA:887,45,1,0
BRDA:916,46,0,0
BRDA:916,46,1,0
BRDA:923,47,0,0
BRDA:923,47,1,0
BRDA:933,48,0,0
BRDA:933,48,1,0
BRDA:947,49,0,0
BRDA:947,49,1,0
BRF:101
BRH:0
end_of_record
TN:
SF:modules\command-processor.js
FN:5,(anonymous_0)
FN:59,(anonymous_1)
FN:93,(anonymous_2)
FN:104,(anonymous_3)
FN:138,(anonymous_4)
FN:206,(anonymous_5)
FN:226,(anonymous_6)
FN:230,(anonymous_7)
FN:234,(anonymous_8)
FN:242,(anonymous_9)
FN:252,(anonymous_10)
FN:262,(anonymous_11)
FN:267,(anonymous_12)
FN:277,(anonymous_13)
FN:287,(anonymous_14)
FN:291,(anonymous_15)
FN:301,(anonymous_16)
FN:311,(anonymous_17)
FN:321,(anonymous_18)
FN:331,(anonymous_19)
FN:336,(anonymous_20)
FN:341,(anonymous_21)
FN:346,(anonymous_22)
FN:351,(anonymous_23)
FN:355,(anonymous_24)
FN:365,(anonymous_25)
FN:376,(anonymous_26)
FN:387,(anonymous_27)
FN:397,(anonymous_28)
FN:408,(anonymous_29)
FN:413,(anonymous_30)
FN:417,(anonymous_31)
FN:421,(anonymous_32)
FN:425,(anonymous_33)
FN:430,(anonymous_34)
FN:439,(anonymous_35)
FN:448,(anonymous_36)
FN:457,(anonymous_37)
FN:467,(anonymous_38)
FN:476,(anonymous_39)
FN:485,(anonymous_40)
FN:494,(anonymous_41)
FN:503,(anonymous_42)
FN:513,(anonymous_43)
FN:522,(anonymous_44)
FN:531,(anonymous_45)
FN:540,(anonymous_46)
FN:549,(anonymous_47)
FN:558,(anonymous_48)
FN:567,(anonymous_49)
FN:576,(anonymous_50)
FNF:51
FNH:0
FNDA:0,(anonymous_0)
FNDA:0,(anonymous_1)
FNDA:0,(anonymous_2)
FNDA:0,(anonymous_3)
FNDA:0,(anonymous_4)
FNDA:0,(anonymous_5)
FNDA:0,(anonymous_6)
FNDA:0,(anonymous_7)
FNDA:0,(anonymous_8)
FNDA:0,(anonymous_9)
FNDA:0,(anonymous_10)
FNDA:0,(anonymous_11)
FNDA:0,(anonymous_12)
FNDA:0,(anonymous_13)
FNDA:0,(anonymous_14)
FNDA:0,(anonymous_15)
FNDA:0,(anonymous_16)
FNDA:0,(anonymous_17)
FNDA:0,(anonymous_18)
FNDA:0,(anonymous_19)
FNDA:0,(anonymous_20)
FNDA:0,(anonymous_21)
FNDA:0,(anonymous_22)
FNDA:0,(anonymous_23)
FNDA:0,(anonymous_24)
FNDA:0,(anonymous_25)
FNDA:0,(anonymous_26)
FNDA:0,(anonymous_27)
FNDA:0,(anonymous_28)
FNDA:0,(anonymous_29)
FNDA:0,(anonymous_30)
FNDA:0,(anonymous_31)
FNDA:0,(anonymous_32)
FNDA:0,(anonymous_33)
FNDA:0,(anonymous_34)
FNDA:0,(anonymous_35)
FNDA:0,(anonymous_36)
FNDA:0,(anonymous_37)
FNDA:0,(anonymous_38)
FNDA:0,(anonymous_39)
FNDA:0,(anonymous_40)
FNDA:0,(anonymous_41)
FNDA:0,(anonymous_42)
FNDA:0,(anonymous_43)
FNDA:0,(anonymous_44)
FNDA:0,(anonymous_45)
FNDA:0,(anonymous_46)
FNDA:0,(anonymous_47)
FNDA:0,(anonymous_48)
FNDA:0,(anonymous_49)
FNDA:0,(anonymous_50)
DA:1,0
DA:2,0
DA:6,0
DA:60,0
DA:63,0
DA:64,0
DA:65,0
DA:67,0
DA:68,0
DA:69,0
DA:71,0
DA:72,0
DA:73,0
DA:78,0
DA:79,0
DA:80,0
DA:82,0
DA:83,0
DA:84,0
DA:85,0
DA:86,0
DA:90,0
DA:94,0
DA:96,0
DA:97,0
DA:100,0
DA:105,0
DA:107,0
DA:121,0
DA:123,0
DA:124,0
DA:125,0
DA:126,0
DA:127,0
DA:128,0
DA:129,0
DA:130,0
DA:132,0
DA:133,0
DA:139,0
DA:141,0
DA:142,0
DA:143,0
DA:160,0
DA:161,0
DA:164,0
DA:166,0
DA:168,0
DA:169,0
DA:170,0
DA:171,0
DA:173,0
DA:174,0
DA:176,0
DA:179,0
DA:180,0
DA:181,0
DA:183,0
DA:184,0
DA:186,0
DA:189,0
DA:190,0
DA:191,0
DA:192,0
DA:194,0
DA:195,0
DA:197,0
DA:200,0
DA:201,0
DA:207,0
DA:210,0
DA:213,0
DA:214,0
DA:217,0
DA:218,0
DA:219,0
DA:222,0
DA:223,0
DA:227,0
DA:231,0
DA:235,0
DA:236,0
DA:237,0
DA:238,0
DA:243,0
DA:244,0
DA:245,0
DA:246,0
DA:248,0
DA:249,0
DA:253,0
DA:254,0
DA:255,0
DA:256,0
DA:258,0
DA:259,0
DA:263,0
DA:264,0
DA:268,0
DA:269,0
DA:270,0
DA:271,0
DA:273,0
DA:274,0
DA:278,0
DA:279,0
DA:280,0
DA:281,0
DA:283,0
DA:284,0
DA:288,0
DA:292,0
DA:293,0
DA:294,0
DA:295,0
DA:297,0
DA:298,0
DA:302,0
DA:303,0
DA:304,0
DA:305,0
DA:307,0
DA:308,0
DA:312,0
DA:313,0
DA:314,0
DA:315,0
DA:317,0
DA:318,0
DA:322,0
DA:323,0
DA:324,0
DA:325,0
DA:327,0
DA:328,0
DA:332,0
DA:333,0
DA:337,0
DA:338,0
DA:342,0
DA:343,0
DA:347,0
DA:348,0
DA:352,0
DA:356,0
DA:357,0
DA:358,0
DA:359,0
DA:361,0
DA:362,0
DA:366,0
DA:367,0
DA:368,0
DA:369,0
DA:371,0
DA:372,0
DA:373,0
DA:377,0
DA:378,0
DA:379,0
DA:380,0
DA:382,0
DA:383,0
DA:384,0
DA:388,0
DA:389,0
DA:390,0
DA:391,0
DA:393,0
DA:394,0
DA:398,0
DA:399,0
DA:400,0
DA:401,0
DA:403,0
DA:404,0
DA:405,0
DA:409,0
DA:414,0
DA:418,0
DA:422,0
DA:426,0
DA:431,0
DA:432,0
DA:433,0
DA:435,0
DA:436,0
DA:440,0
DA:441,0
DA:442,0
DA:444,0
DA:445,0
DA:449,0
DA:450,0
DA:451,0
DA:453,0
DA:454,0
DA:458,0
DA:459,0
DA:460,0
DA:462,0
DA:463,0
DA:468,0
DA:469,0
DA:470,0
DA:472,0
DA:473,0
DA:477,0
DA:478,0
DA:479,0
DA:481,0
DA:482,0
DA:486,0
DA:487,0
DA:488,0
DA:490,0
DA:491,0
DA:495,0
DA:496,0
DA:497,0
DA:499,0
DA:500,0
DA:504,0
DA:505,0
DA:506,0
DA:508,0
DA:509,0
DA:514,0
DA:515,0
DA:516,0
DA:518,0
DA:519,0
DA:523,0
DA:524,0
DA:525,0
DA:527,0
DA:528,0
DA:532,0
DA:533,0
DA:534,0
DA:536,0
DA:537,0
DA:541,0
DA:542,0
DA:543,0
DA:545,0
DA:546,0
DA:550,0
DA:551,0
DA:552,0
DA:554,0
DA:555,0
DA:559,0
DA:560,0
DA:561,0
DA:563,0
DA:564,0
DA:568,0
DA:569,0
DA:570,0
DA:572,0
DA:573,0
DA:577,0
DA:578,0
DA:579,0
DA:581,0
DA:582,0
DA:586,0
LF:268
LH:0
BRDA:63,0,0,0
BRDA:63,0,1,0
BRDA:67,1,0,0
BRDA:67,1,1,0
BRDA:82,2,0,0
BRDA:82,2,1,0
BRDA:84,3,0,0
BRDA:84,3,1,0
BRDA:94,4,0,0
BRDA:94,4,1,0
BRDA:105,5,0,0
BRDA:105,5,1,0
BRDA:123,6,0,0
BRDA:123,6,1,0
BRDA:123,7,0,0
BRDA:123,7,1,0
BRDA:127,8,0,0
BRDA:127,8,1,0
BRDA:127,9,0,0
BRDA:127,9,1,0
BRDA:139,10,0,0
BRDA:139,10,1,0
BRDA:166,11,0,0
BRDA:166,11,1,0
BRDA:166,11,2,0
BRDA:166,11,3,0
BRDA:213,12,0,0
BRDA:213,12,1,0
BRDA:213,13,0,0
BRDA:213,13,1,0
BRDA:243,14,0,0
BRDA:243,14,1,0
BRDA:253,15,0,0
BRDA:253,15,1,0
BRDA:263,16,0,0
BRDA:263,16,1,0
BRDA:268,17,0,0
BRDA:268,17,1,0
BRDA:278,18,0,0
BRDA:278,18,1,0
BRDA:292,19,0,0
BRDA:292,19,1,0
BRDA:302,20,0,0
BRDA:302,20,1,0
BRDA:312,21,0,0
BRDA:312,21,1,0
BRDA:322,22,0,0
BRDA:322,22,1,0
BRDA:332,23,0,0
BRDA:332,23,1,0
BRDA:337,24,0,0
BRDA:337,24,1,0
BRDA:342,25,0,0
BRDA:342,25,1,0
BRDA:347,26,0,0
BRDA:347,26,1,0
BRDA:356,27,0,0
BRDA:356,27,1,0
BRDA:366,28,0,0
BRDA:366,28,1,0
BRDA:377,29,0,0
BRDA:377,29,1,0
BRDA:388,30,0,0
BRDA:388,30,1,0
BRDA:398,31,0,0
BRDA:398,31,1,0
BRDA:431,32,0,0
BRDA:431,32,1,0
BRDA:440,33,0,0
BRDA:440,33,1,0
BRDA:449,34,0,0
BRDA:449,34,1,0
BRDA:458,35,0,0
BRDA:458,35,1,0
BRDA:468,36,0,0
BRDA:468,36,1,0
BRDA:477,37,0,0
BRDA:477,37,1,0
BRDA:486,38,0,0
BRDA:486,38,1,0
BRDA:495,39,0,0
BRDA:495,39,1,0
BRDA:504,40,0,0
BRDA:504,40,1,0
BRDA:514,41,0,0
BRDA:514,41,1,0
BRDA:523,42,0,0
BRDA:523,42,1,0
BRDA:532,43,0,0
BRDA:532,43,1,0
BRDA:541,44,0,0
BRDA:541,44,1,0
BRDA:550,45,0,0
BRDA:550,45,1,0
BRDA:559,46,0,0
BRDA:559,46,1,0
BRDA:568,47,0,0
BRDA:568,47,1,0
BRDA:577,48,0,0
BRDA:577,48,1,0
BRF:100
BRH:0
end_of_record
TN:
SF:modules\database.js
FN:7,(anonymous_0)
FN:14,(anonymous_1)
FN:23,(anonymous_2)
FN:37,(anonymous_3)
FN:80,(anonymous_4)
FN:81,(anonymous_5)
FN:90,(anonymous_6)
FN:91,(anonymous_7)
FN:95,(anonymous_8)
FN:106,(anonymous_9)
FN:107,(anonymous_10)
FN:114,(anonymous_11)
FN:125,(anonymous_12)
FN:126,(anonymous_13)
FN:139,(anonymous_14)
FN:150,(anonymous_15)
FN:151,(anonymous_16)
FN:155,(anonymous_17)
FN:166,(anonymous_18)
FN:167,(anonymous_19)
FN:170,(anonymous_20)
FN:189,(anonymous_21)
FN:190,(anonymous_22)
FN:194,(anonymous_23)
FN:205,(anonymous_24)
FN:206,(anonymous_25)
FN:215,(anonymous_26)
FN:226,(anonymous_27)
FN:227,(anonymous_28)
FN:230,(anonymous_29)
FN:241,(anonymous_30)
FN:243,(anonymous_31)
FN:254,(anonymous_32)
FN:255,(anonymous_33)
FN:263,(anonymous_34)
FN:280,(anonymous_35)
FN:281,(anonymous_36)
FN:284,(anonymous_37)
FN:297,(anonymous_38)
FN:298,(anonymous_39)
FN:306,(anonymous_40)
FN:310,(anonymous_41)
FNF:42
FNH:0
FNDA:0,(anonymous_0)
FNDA:0,(anonymous_1)
FNDA:0,(anonymous_2)
FNDA:0,(anonymous_3)
FNDA:0,(anonymous_4)
FNDA:0,(anonymous_5)
FNDA:0,(anonymous_6)
FNDA:0,(anonymous_7)
FNDA:0,(anonymous_8)
FNDA:0,(anonymous_9)
FNDA:0,(anonymous_10)
FNDA:0,(anonymous_11)
FNDA:0,(anonymous_12)
FNDA:0,(anonymous_13)
FNDA:0,(anonymous_14)
FNDA:0,(anonymous_15)
FNDA:0,(anonymous_16)
FNDA:0,(anonymous_17)
FNDA:0,(anonymous_18)
FNDA:0,(anonymous_19)
FNDA:0,(anonymous_20)
FNDA:0,(anonymous_21)
FNDA:0,(anonymous_22)
FNDA:0,(anonymous_23)
FNDA:0,(anonymous_24)
FNDA:0,(anonymous_25)
FNDA:0,(anonymous_26)
FNDA:0,(anonymous_27)
FNDA:0,(anonymous_28)
FNDA:0,(anonymous_29)
FNDA:0,(anonymous_30)
FNDA:0,(anonymous_31)
FNDA:0,(anonymous_32)
FNDA:0,(anonymous_33)
FNDA:0,(anonymous_34)
FNDA:0,(anonymous_35)
FNDA:0,(anonymous_36)
FNDA:0,(anonymous_37)
FNDA:0,(anonymous_38)
FNDA:0,(anonymous_39)
FNDA:0,(anonymous_40)
FNDA:0,(anonymous_41)
DA:1,0
DA:2,0
DA:3,0
DA:4,0
DA:8,0
DA:9,0
DA:10,0
DA:15,0
DA:17,0
DA:18,0
DA:19,0
DA:23,0
DA:24,0
DA:25,0
DA:27,0
DA:28,0
DA:32,0
DA:38,0
DA:80,0
DA:81,0
DA:82,0
DA:83,0
DA:91,0
DA:92,0
DA:95,0
DA:96,0
DA:97,0
DA:99,0
DA:107,0
DA:108,0
DA:114,0
DA:115,0
DA:116,0
DA:118,0
DA:126,0
DA:127,0
DA:139,0
DA:140,0
DA:141,0
DA:143,0
DA:151,0
DA:152,0
DA:155,0
DA:156,0
DA:157,0
DA:159,0
DA:167,0
DA:168,0
DA:170,0
DA:171,0
DA:172,0
DA:174,0
DA:175,0
DA:176,0
DA:178,0
DA:181,0
DA:190,0
DA:191,0
DA:194,0
DA:195,0
DA:196,0
DA:198,0
DA:206,0
DA:207,0
DA:215,0
DA:216,0
DA:217,0
DA:219,0
DA:227,0
DA:228,0
DA:230,0
DA:231,0
DA:232,0
DA:234,0
DA:242,0
DA:243,0
DA:244,0
DA:245,0
DA:247,0
DA:255,0
DA:256,0
DA:263,0
DA:264,0
DA:265,0
DA:267,0
DA:281,0
DA:282,0
DA:284,0
DA:285,0
DA:286,0
DA:288,0
DA:289,0
DA:290,0
DA:298,0
DA:299,0
DA:301,0
DA:302,0
DA:304,0
DA:306,0
DA:307,0
DA:310,0
DA:311,0
DA:317,0
LF:103
LH:0
BRDA:18,0,0,0
BRDA:18,0,1,0
BRDA:24,1,0,0
BRDA:24,1,1,0
BRDA:82,2,0,0
BRDA:82,2,1,0
BRDA:90,3,0,0
BRDA:90,4,0,0
BRDA:96,5,0,0
BRDA:96,5,1,0
BRDA:106,6,0,0
BRDA:115,7,0,0
BRDA:115,7,1,0
BRDA:140,8,0,0
BRDA:140,8,1,0
BRDA:156,9,0,0
BRDA:156,9,1,0
BRDA:166,10,0,0
BRDA:171,11,0,0
BRDA:171,11,1,0
BRDA:174,12,0,0
BRDA:174,12,1,0
BRDA:189,13,0,0
BRDA:189,14,0,0
BRDA:189,15,0,0
BRDA:189,16,0,0
BRDA:195,17,0,0
BRDA:195,17,1,0
BRDA:205,18,0,0
BRDA:216,19,0,0
BRDA:216,19,1,0
BRDA:226,20,0,0
BRDA:231,21,0,0
BRDA:231,21,1,0
BRDA:242,22,0,0
BRDA:242,22,1,0
BRDA:244,23,0,0
BRDA:244,23,1,0
BRDA:264,24,0,0
BRDA:264,24,1,0
BRDA:268,25,0,0
BRDA:268,25,1,0
BRDA:269,26,0,0
BRDA:269,26,1,0
BRDA:270,27,0,0
BRDA:270,27,1,0
BRDA:271,28,0,0
BRDA:271,28,1,0
BRDA:272,29,0,0
BRDA:272,29,1,0
BRDA:285,30,0,0
BRDA:285,30,1,0
BRF:52
BRH:0
end_of_record
TN:
SF:modules\help-system.js
FN:6,(anonymous_0)
FN:12,(anonymous_1)
FN:332,(anonymous_2)
FN:383,(anonymous_3)
FN:397,(anonymous_4)
FN:402,(anonymous_5)
FN:417,(anonymous_6)
FN:468,(anonymous_7)
FN:482,(anonymous_8)
FN:503,(anonymous_9)
FN:529,(anonymous_10)
FN:546,(anonymous_11)
FN:551,(anonymous_12)
FN:560,(anonymous_13)
FN:570,(anonymous_14)
FN:590,(anonymous_15)
FN:593,(anonymous_16)
FN:619,(anonymous_17)
FN:628,(anonymous_18)
FN:629,(anonymous_19)
FN:632,(anonymous_20)
FN:637,(anonymous_21)
FNF:22
FNH:16
FNDA:23,(anonymous_0)
FNDA:23,(anonymous_1)
FNDA:23,(anonymous_2)
FNDA:5,(anonymous_3)
FNDA:45,(anonymous_4)
FNDA:190,(anonymous_5)
FNDA:12,(anonymous_6)
FNDA:7,(anonymous_7)
FNDA:27,(anonymous_8)
FNDA:0,(anonymous_9)
FNDA:0,(anonymous_10)
FNDA:3,(anonymous_11)
FNDA:63,(anonymous_12)
FNDA:42,(anonymous_13)
FNDA:0,(anonymous_14)
FNDA:0,(anonymous_15)
FNDA:0,(anonymous_16)
FNDA:0,(anonymous_17)
FNDA:2,(anonymous_18)
FNDA:42,(anonymous_19)
FNDA:5,(anonymous_20)
FNDA:2,(anonymous_21)
DA:1,1
DA:2,1
DA:3,1
DA:7,23
DA:8,23
DA:13,23
DA:333,23
DA:384,5
DA:395,5
DA:397,5
DA:398,45
DA:399,45
DA:400,45
DA:402,45
DA:403,190
DA:404,190
DA:405,190
DA:409,5
DA:410,5
DA:411,5
DA:412,5
DA:413,5
DA:419,12
DA:420,1
DA:421,1
DA:422,1
DA:426,11
DA:428,11
DA:430,11
DA:431,2
DA:432,2
DA:433,2
DA:436,9
DA:448,9
DA:449,9
DA:452,9
DA:453,9
DA:456,9
DA:457,7
DA:459,7
DA:468,7
DA:469,7
DA:476,7
DA:480,9
DA:481,9
DA:482,9
DA:483,27
DA:488,9
DA:489,9
DA:490,9
DA:494,9
DA:495,9
DA:496,9
DA:499,9
DA:504,0
DA:506,0
DA:507,0
DA:508,0
DA:510,0
DA:513,0
DA:524,0
DA:525,0
DA:527,0
DA:529,0
DA:530,0
DA:531,0
DA:532,0
DA:533,0
DA:534,0
DA:536,0
DA:537,0
DA:541,0
DA:542,0
DA:547,3
DA:548,3
DA:551,3
DA:552,63
DA:554,42
DA:558,3
DA:559,2
DA:560,2
DA:561,42
DA:564,1
DA:566,3
DA:571,0
DA:573,0
DA:575,0
DA:577,0
DA:580,0
DA:581,0
DA:584,0
DA:591,0
DA:593,0
DA:594,0
DA:597,0
DA:601,0
DA:602,0
DA:603,0
DA:606,0
DA:617,0
DA:619,0
DA:620,0
DA:621,0
DA:622,0
DA:623,0
DA:629,42
DA:633,5
DA:634,5
DA:638,2
DA:639,2
DA:641,2
DA:642,1
DA:645,1
DA:657,1
LF:114
LH:74
BRDA:404,0,0,105
BRDA:404,0,1,85
BRDA:419,1,0,1
BRDA:419,1,1,11
BRDA:419,2,0,12
BRDA:419,2,1,11
BRDA:426,3,0,0
BRDA:426,3,1,11
BRDA:430,4,0,2
BRDA:430,4,1,9
BRDA:456,5,0,7
BRDA:456,5,1,2
BRDA:456,6,0,9
BRDA:456,6,1,9
BRDA:471,7,0,5
BRDA:471,7,1,2
BRDA:480,8,0,9
BRDA:480,8,1,0
BRDA:480,9,0,9
BRDA:480,9,1,9
BRDA:488,10,0,9
BRDA:488,10,1,0
BRDA:488,11,0,9
BRDA:488,11,1,9
BRDA:494,12,0,9
BRDA:494,12,1,0
BRDA:506,13,0,0
BRDA:506,13,1,0
BRDA:531,14,0,0
BRDA:531,14,1,0
BRDA:552,15,0,42
BRDA:552,15,1,21
BRDA:552,16,0,63
BRDA:552,16,1,21
BRDA:558,17,0,2
BRDA:558,17,1,1
BRDA:573,18,0,0
BRDA:573,18,1,0
BRDA:580,19,0,0
BRDA:580,19,1,0
BRDA:594,20,0,0
BRDA:594,20,1,0
BRDA:594,21,0,0
BRDA:594,21,1,0
BRDA:594,21,2,0
BRDA:601,22,0,0
BRDA:601,22,1,0
BRDA:633,23,0,0
BRDA:633,23,1,5
BRDA:638,24,0,0
BRDA:638,24,1,2
BRDA:641,25,0,1
BRDA:641,25,1,1
BRF:53
BRH:32
end_of_record
TN:
SF:modules\interface.js
FN:6,(anonymous_0)
FN:14,(anonymous_1)
FN:39,(anonymous_2)
FN:173,(anonymous_3)
FN:182,(anonymous_4)
FN:184,(anonymous_5)
FN:189,(anonymous_6)
FN:194,(anonymous_7)
FN:199,(anonymous_8)
FN:209,(anonymous_9)
FN:214,(anonymous_10)
FN:219,(anonymous_11)
FN:225,(anonymous_12)
FN:241,(anonymous_13)
FN:260,(anonymous_14)
FN:278,(anonymous_15)
FN:287,(anonymous_16)
FN:296,(anonymous_17)
FN:304,(anonymous_18)
FN:344,(anonymous_19)
FN:350,(anonymous_20)
FN:357,(anonymous_21)
FN:388,(anonymous_22)
FN:394,(anonymous_23)
FN:408,(anonymous_24)
FN:419,(anonymous_25)
FN:424,(anonymous_26)
FN:429,(anonymous_27)
FN:438,(anonymous_28)
FN:443,(anonymous_29)
FN:457,(anonymous_30)
FN:475,(anonymous_31)
FN:480,(anonymous_32)
FN:493,(anonymous_33)
FNF:34
FNH:0
FNDA:0,(anonymous_0)
FNDA:0,(anonymous_1)
FNDA:0,(anonymous_2)
FNDA:0,(anonymous_3)
FNDA:0,(anonymous_4)
FNDA:0,(anonymous_5)
FNDA:0,(anonymous_6)
FNDA:0,(anonymous_7)
FNDA:0,(anonymous_8)
FNDA:0,(anonymous_9)
FNDA:0,(anonymous_10)
FNDA:0,(anonymous_11)
FNDA:0,(anonymous_12)
FNDA:0,(anonymous_13)
FNDA:0,(anonymous_14)
FNDA:0,(anonymous_15)
FNDA:0,(anonymous_16)
FNDA:0,(anonymous_17)
FNDA:0,(anonymous_18)
FNDA:0,(anonymous_19)
FNDA:0,(anonymous_20)
FNDA:0,(anonymous_21)
FNDA:0,(anonymous_22)
FNDA:0,(anonymous_23)
FNDA:0,(anonymous_24)
FNDA:0,(anonymous_25)
FNDA:0,(anonymous_26)
FNDA:0,(anonymous_27)
FNDA:0,(anonymous_28)
FNDA:0,(anonymous_29)
FNDA:0,(anonymous_30)
FNDA:0,(anonymous_31)
FNDA:0,(anonymous_32)
FNDA:0,(anonymous_33)
DA:1,0
DA:2,0
DA:3,0
DA:7,0
DA:8,0
DA:9,0
DA:10,0
DA:15,0
DA:17,0
DA:28,0
DA:29,0
DA:30,0
DA:33,0
DA:35,0
DA:41,0
DA:61,0
DA:85,0
DA:106,0
DA:129,0
DA:151,0
DA:173,0
DA:174,0
DA:178,0
DA:184,0
DA:185,0
DA:189,0
DA:190,0
DA:194,0
DA:195,0
DA:199,0
DA:200,0
DA:201,0
DA:202,0
DA:203,0
DA:204,0
DA:209,0
DA:210,0
DA:214,0
DA:215,0
DA:219,0
DA:220,0
DA:226,0
DA:227,0
DA:242,0
DA:262,0
DA:265,0
DA:269,0
DA:272,0
DA:273,0
DA:279,0
DA:280,0
DA:282,0
DA:283,0
DA:288,0
DA:289,0
DA:291,0
DA:292,0
DA:297,0
DA:298,0
DA:299,0
DA:305,0
DA:325,0
DA:344,0
DA:345,0
DA:351,0
DA:352,0
DA:353,0
DA:358,0
DA:369,0
DA:388,0
DA:389,0
DA:395,0
DA:396,0
DA:397,0
DA:398,0
DA:401,0
DA:402,0
DA:409,0
DA:410,0
DA:411,0
DA:413,0
DA:414,0
DA:420,0
DA:425,0
DA:430,0
DA:431,0
DA:433,0
DA:438,0
DA:444,0
DA:445,0
DA:447,0
DA:453,0
DA:458,0
DA:459,0
DA:461,0
DA:471,0
DA:476,0
DA:478,0
DA:479,0
DA:481,0
DA:482,0
DA:483,0
DA:484,0
DA:486,0
DA:488,0
DA:489,0
DA:494,0
DA:498,0
DA:502,0
LF:109
LH:0
BRDA:15,0,0,0
BRDA:15,0,1,0
BRDA:201,1,0,0
BRDA:201,1,1,0
BRDA:272,2,0,0
BRDA:272,2,1,0
BRDA:278,3,0,0
BRDA:297,4,0,0
BRDA:297,4,1,0
BRDA:395,5,0,0
BRDA:395,5,1,0
BRDA:395,6,0,0
BRDA:395,6,1,0
BRDA:401,7,0,0
BRDA:401,7,1,0
BRDA:409,8,0,0
BRDA:409,8,1,0
BRDA:429,9,0,0
BRDA:439,10,0,0
BRDA:439,10,1,0
BRDA:440,11,0,0
BRDA:440,11,1,0
BRDA:441,12,0,0
BRDA:441,12,1,0
BRDA:444,13,0,0
BRDA:444,13,1,0
BRDA:444,14,0,0
BRDA:444,14,1,0
BRDA:447,15,0,0
BRDA:447,15,1,0
BRDA:457,16,0,0
BRDA:480,17,0,0
BRDA:488,18,0,0
BRDA:488,18,1,0
BRDA:493,19,0,0
BRF:35
BRH:0
end_of_record
